
ROM used: 1278 (16%)
          1278 (16%) including unused fragments

          2 Average locations per line
          13 Average locations per statement

RAM used: 24 (7%) at main() level
          50 (14%) worst case

Stack used: 5 worst case (out of 8 total available)

Lines Stmts  %   Files
----- ----- ---  -----
   78    34  35  adc1.c
  282     0   0  ..\..\..\..\..\..\Program Files (x86)\PICC\devices\16f877.h
  180    63  65  ..\..\..\..\..\..\Program Files (x86)\PICC\drivers\LCD.C
----- -----
  540    97 Total

Page ROM  %  RAM   Vol Diff  Functions:
---- --- --- ---   --- ----  ----------
0     21   2   1             @delay_ms1
0      8   1   0   318  6.5  @const61
 Inline        3   463  4.3  lcd_read_byte
0     12   1   1   134  2.2  lcd_send_nibble
0     58   5   3   317  4.3  lcd_send_byte
0     44   3   2   422  4.7  lcd_init
 Inline        4   186  5.5  lcd_gotoxy
0     53   4   1   272  4.1  lcd_putc
0     48   4   0   154  3.1  AD_int
0    298  23   1   917  3.3  MAIN
0     23   2   0   960  3.8  @const94
0     29   2   2   346  7.5  @ITOF
0    117   9  13   318  6.5  @MULFF
0     21   2   0   475  7.2  @const100
0     18   1   0   129  4.6  @const101
0     99   8   9   436  7.9  @PRINTF_LU_81
0     21   2   0             @const104
 Inline        5             @FTOSD
0     66   5  13   226  6.4  @DIV3232
0    231  18  13             @PRINTF_L32D_81FPFPF
0     21   2   0             @const113
0     17   1   0             @const114
0     20   2   0             @const115

Program metrics:
    Functions               16
    Statements              97
    Comments                121
    Volume (V)              10303
    Difficilty (D)          80.8
    Effort to implement (E) 832925
    Time to implement (T)   12 hours, 51 minutes
    Est Delivered Bugs (B)  3
    Cyclomatic Complexity   24
    Maintainability (MI)    63

 Segment     Used  Free
-----------  ----  ----
00000-00003     4  0  
00004-00034    49  0  
00035-007FF  1225  770  
00800-00FFF     0  2048  
01000-017FF     0  2048  
01800-01FFF     0  2048  



